<?xml version="1.0" encoding="UTF-8"?>
<testsuite name="algorithms.DijkstraTest" tests="6" skipped="0" failures="0" errors="0" timestamp="2019-02-10T18:34:59" hostname="minna-pc" time="0.049">
  <properties/>
  <testcase name="dijkstraPrintsShortestPathCorrectlyWithBigInput" classname="algorithms.DijkstraTest" time="0.014"/>
  <testcase name="dijkstraCalculatesShortestDistanceCorrectlyWithSmallInput" classname="algorithms.DijkstraTest" time="0.005"/>
  <testcase name="dijkstraPrintsShortestPathCorrectlyWithSmallInput" classname="algorithms.DijkstraTest" time="0.005"/>
  <testcase name="dijkstraCalculatesShortestDistanceCorrectlyWithBigInput" classname="algorithms.DijkstraTest" time="0.006"/>
  <testcase name="shortestDistanceIsMinusOneIfThereIsNoPath" classname="algorithms.DijkstraTest" time="0.005"/>
  <testcase name="noPathMessageIsPrintedWhenThereIsNoPath" classname="algorithms.DijkstraTest" time="0.009"/>
  <system-out><![CDATA[]]></system-out>
  <system-err><![CDATA[]]></system-err>
</testsuite>
