<?xml version="1.0" encoding="UTF-8"?>
<testsuite name="control.GraphControllerTest" tests="6" skipped="0" failures="0" errors="0" timestamp="2019-02-10T19:48:08" hostname="minna-pc" time="3.791">
  <properties/>
  <testcase name="placesCanBeImportedFromFileAndDistancesCorrectlyConvertedToGraph" classname="control.GraphControllerTest" time="3.739"/>
  <testcase name="importingNonExistentFileThrowsAnError" classname="control.GraphControllerTest" time="0.007"/>
  <testcase name="graphAndPlacesCanBeSavedAndReaccessedLater" classname="control.GraphControllerTest" time="0.017"/>
  <testcase name="gettingSavedDataFromNonExistentFilesThrowsAnError" classname="control.GraphControllerTest" time="0.002"/>
  <testcase name="graphCanBeReducedByRemovingEdgesLongerThanWanted" classname="control.GraphControllerTest" time="0.003"/>
  <testcase name="graphCanBeShrunkByChoosingMaximumNumberOfNodes" classname="control.GraphControllerTest" time="0.004"/>
  <system-out><![CDATA[Getting coordinates...
Getting distances...
Progress: 0/3
Progress: 1/3
Progress: 2/3
Getting coordinates...
]]></system-out>
  <system-err><![CDATA[]]></system-err>
</testsuite>
