<?xml version="1.0" encoding="UTF-8"?>
<testsuite name="control.PlaceControllerTest" tests="4" skipped="0" failures="0" errors="0" timestamp="2019-02-10T18:34:58" hostname="minna-pc" time="0.048">
  <properties/>
  <testcase name="importingNonExistentFileThrowsAnError" classname="control.PlaceControllerTest" time="0.023"/>
  <testcase name="gettingSavedPlacesFromNonExistentFileThrowsAnError" classname="control.PlaceControllerTest" time="0.002"/>
  <testcase name="placesCanBeImportedFromFileAndCorrectlyConvertedToPlaceObjects" classname="control.PlaceControllerTest" time="0.009"/>
  <testcase name="placesCanBeSavedAndReaccessedLater" classname="control.PlaceControllerTest" time="0.008"/>
  <system-out><![CDATA[Getting coordinates...
Getting coordinates...
]]></system-out>
  <system-err><![CDATA[]]></system-err>
</testsuite>
