<?xml version="1.0" encoding="UTF-8"?>
<testsuite name="algorithms.AStarTest" tests="6" skipped="0" failures="0" errors="0" timestamp="2019-02-07T19:15:07" hostname="minna-pc" time="0.055">
  <properties/>
  <testcase name="noPathMessageIsPrintedWhenThereIsNoPath" classname="algorithms.AStarTest" time="0.005"/>
  <testcase name="aStarCalculatesShortestDistanceCorrectlyWithSmallInput" classname="algorithms.AStarTest" time="0.005"/>
  <testcase name="aStarPrintsShortestPathCorrectlyWithSmallInput" classname="algorithms.AStarTest" time="0.005"/>
  <testcase name="aStarCalculatesShortestDistanceCorrectlyWithBigInput" classname="algorithms.AStarTest" time="0.003"/>
  <testcase name="aStarPrintsShortestPathCorrectlyWithBigInput" classname="algorithms.AStarTest" time="0.007"/>
  <testcase name="shortestDistanceIsMinusTwoIfThereIsNoPath" classname="algorithms.AStarTest" time="0.009"/>
  <system-out><![CDATA[]]></system-out>
  <system-err><![CDATA[]]></system-err>
</testsuite>
