<?xml version="1.0" encoding="UTF-8"?>
<testsuite name="algorithms.DijkstraTest" tests="6" skipped="0" failures="0" errors="0" timestamp="2019-02-10T19:48:12" hostname="minna-pc" time="0.076">
  <properties/>
  <testcase name="dijkstraPrintsShortestPathCorrectlyWithBigInput" classname="algorithms.DijkstraTest" time="0.01"/>
  <testcase name="dijkstraCalculatesShortestDistanceCorrectlyWithSmallInput" classname="algorithms.DijkstraTest" time="0.012"/>
  <testcase name="dijkstraPrintsShortestPathCorrectlyWithSmallInput" classname="algorithms.DijkstraTest" time="0.009"/>
  <testcase name="dijkstraCalculatesShortestDistanceCorrectlyWithBigInput" classname="algorithms.DijkstraTest" time="0.015"/>
  <testcase name="shortestDistanceIsMinusOneIfThereIsNoPath" classname="algorithms.DijkstraTest" time="0.006"/>
  <testcase name="noPathMessageIsPrintedWhenThereIsNoPath" classname="algorithms.DijkstraTest" time="0.006"/>
  <system-out><![CDATA[]]></system-out>
  <system-err><![CDATA[]]></system-err>
</testsuite>
