<?xml version="1.0" encoding="UTF-8"?>
<testsuite name="algorithms.TspNnTest" tests="5" skipped="0" failures="0" errors="0" timestamp="2019-02-10T19:48:23" hostname="minna-pc" time="0.004">
  <properties/>
  <testcase name="tspNnCalculatesLengthOfShortestRouteCorrectlyWithSmallInput" classname="algorithms.TspNnTest" time="0.001"/>
  <testcase name="tspNnCalculatesLengthOfShortestRouteCorrectlyWithBigInput" classname="algorithms.TspNnTest" time="0.0"/>
  <testcase name="tspNnFindsShortestRouteWithSmallInput" classname="algorithms.TspNnTest" time="0.001"/>
  <testcase name="tspNnFindsShortestRouteWithBigInput" classname="algorithms.TspNnTest" time="0.001"/>
  <testcase name="tspNnDoesNotFindShortestRouteWhenNearestNeighbourStrategyReturnsLongerOne" classname="algorithms.TspNnTest" time="0.0"/>
  <system-out><![CDATA[]]></system-out>
  <system-err><![CDATA[]]></system-err>
</testsuite>
