<?xml version="1.0" encoding="UTF-8"?>
<testsuite name="control.PlaceControllerTest" tests="4" skipped="0" failures="0" errors="0" timestamp="2019-02-07T19:14:55" hostname="minna-pc" time="0.059">
  <properties/>
  <testcase name="importingNonExistentFileThrowsAnError" classname="control.PlaceControllerTest" time="0.012"/>
  <testcase name="placesCanBeImportedFromFileAndCorrectlyConvertedToPlaceObjects" classname="control.PlaceControllerTest" time="0.019"/>
  <testcase name="placesCanBeSavedAndReaccessedLater" classname="control.PlaceControllerTest" time="0.011"/>
  <testcase name="gettingSavedPlacesFromNonExistentFileThrowsAnError" classname="control.PlaceControllerTest" time="0.007"/>
  <system-out><![CDATA[Getting coordinates...
Getting coordinates...
]]></system-out>
  <system-err><![CDATA[]]></system-err>
</testsuite>
