<?xml version="1.0" encoding="UTF-8"?>
<testsuite name="control.PlaceControllerTest" tests="4" skipped="0" failures="0" errors="0" timestamp="2019-02-10T19:48:12" hostname="minna-pc" time="0.037">
  <properties/>
  <testcase name="importingNonExistentFileThrowsAnError" classname="control.PlaceControllerTest" time="0.007"/>
  <testcase name="placesCanBeSavedAndReaccessedLater" classname="control.PlaceControllerTest" time="0.004"/>
  <testcase name="placesCanBeImportedFromFileAndCorrectlyConvertedToPlaceObjects" classname="control.PlaceControllerTest" time="0.015"/>
  <testcase name="gettingSavedPlacesFromNonExistentFileThrowsAnError" classname="control.PlaceControllerTest" time="0.003"/>
  <system-out><![CDATA[Getting coordinates...
Getting coordinates...
]]></system-out>
  <system-err><![CDATA[]]></system-err>
</testsuite>
