<?xml version="1.0" encoding="UTF-8"?>
<testsuite name="dataStructures.ObjectQueueTest" tests="7" skipped="0" failures="0" errors="0" timestamp="2019-02-07T19:14:55" hostname="minna-pc" time="0.016">
  <properties/>
  <testcase name="theQueueIsEmptyWhenItIsCreated" classname="dataStructures.ObjectQueueTest" time="0.002"/>
  <testcase name="noObjectIsReturnedIfTheQueueIsEmpty" classname="dataStructures.ObjectQueueTest" time="0.001"/>
  <testcase name="anObjectCanBeAddedToTheQueue" classname="dataStructures.ObjectQueueTest" time="0.001"/>
  <testcase name="anObjectCanBeAddedToTheHeadOfTheQueue" classname="dataStructures.ObjectQueueTest" time="0.001"/>
  <testcase name="anObjectCanBeAddedToTheTailOfTheQueue" classname="dataStructures.ObjectQueueTest" time="0.001"/>
  <testcase name="anObjectCanBeRemovedFromTheQueue" classname="dataStructures.ObjectQueueTest" time="0.002"/>
  <testcase name="objectsCanStillBeAddedToTheQueueWhenTheOriginalSizeOfTheQueueIsExceeded" classname="dataStructures.ObjectQueueTest" time="0.0"/>
  <system-out><![CDATA[]]></system-out>
  <system-err><![CDATA[]]></system-err>
</testsuite>
