<?xml version="1.0" encoding="UTF-8"?>
<testsuite name="algorithms.BfsTest" tests="6" skipped="0" failures="0" errors="0" timestamp="2019-02-10T18:34:59" hostname="minna-pc" time="0.047">
  <properties/>
  <testcase name="shortestDistanceIsMinusOneIfThereIsNoPath" classname="algorithms.BfsTest" time="0.01"/>
  <testcase name="noPathMessageIsPrintedWhenThereIsNoPath" classname="algorithms.BfsTest" time="0.004"/>
  <testcase name="bfsCalculatesShortestDistanceCorrectlyWithSmallInput" classname="algorithms.BfsTest" time="0.004"/>
  <testcase name="bfsPrintsShortestPathCorrectlyWithSmallInput" classname="algorithms.BfsTest" time="0.002"/>
  <testcase name="bfsCalculatesShortestDistanceCorrectlyWithBigInput" classname="algorithms.BfsTest" time="0.012"/>
  <testcase name="bfsPrintsShortestPathCorrectlyWithBigInput" classname="algorithms.BfsTest" time="0.006"/>
  <system-out><![CDATA[]]></system-out>
  <system-err><![CDATA[]]></system-err>
</testsuite>
