<?xml version="1.0" encoding="UTF-8"?>
<testsuite name="algorithms.DijkstraTest" tests="6" skipped="0" failures="0" errors="0" timestamp="2019-02-07T19:14:55" hostname="minna-pc" time="0.135">
  <properties/>
  <testcase name="dijkstraCalculatesShortestDistanceCorrectlyWithBigInput" classname="algorithms.DijkstraTest" time="0.022"/>
  <testcase name="shortestDistanceIsMinusOneIfThereIsNoPath" classname="algorithms.DijkstraTest" time="0.011"/>
  <testcase name="noPathMessageIsPrintedWhenThereIsNoPath" classname="algorithms.DijkstraTest" time="0.016"/>
  <testcase name="dijkstraCalculatesShortestDistanceCorrectlyWithSmallInput" classname="algorithms.DijkstraTest" time="0.016"/>
  <testcase name="dijkstraPrintsShortestPathCorrectlyWithSmallInput" classname="algorithms.DijkstraTest" time="0.021"/>
  <testcase name="dijkstraPrintsShortestPathCorrectlyWithBigInput" classname="algorithms.DijkstraTest" time="0.018"/>
  <system-out><![CDATA[]]></system-out>
  <system-err><![CDATA[]]></system-err>
</testsuite>
