<?xml version="1.0" encoding="UTF-8"?>
<testsuite name="algorithms.TspTest" tests="4" skipped="0" failures="0" errors="0" timestamp="2019-02-07T19:14:56" hostname="minna-pc" time="11.012">
  <properties/>
  <testcase name="tspCalculatesLengthOfShortestRouteCorrectlyWithSmallInput" classname="algorithms.TspTest" time="0.005"/>
  <testcase name="tspCalculatesLengthOfShortestRouteCorrectlyWithBigInput" classname="algorithms.TspTest" time="5.856"/>
  <testcase name="tspFindsShortestRouteWithSmallInput" classname="algorithms.TspTest" time="0.0"/>
  <testcase name="tspFindsShortestRouteWithBigInput" classname="algorithms.TspTest" time="5.137"/>
  <system-out><![CDATA[]]></system-out>
  <system-err><![CDATA[]]></system-err>
</testsuite>
